生成启动时间为 2017/10/9 19:47:17。
     1>项目“C:\Users\saber\documents\visual studio 2015\Projects\Bumenpipei\Bumenpipei\Bumenpipei.vcxproj”在节点 2 上(Rebuild 个目标)。
     1>C:\Program Files (x86)\MSBuild\Microsoft.Cpp\v4.0\V140\Microsoft.CppBuild.targets(392,5): warning MSB8028: The intermediate directory (Debug\) contains files shared from another project (Bumenpipei.vcxproj).  This can lead to incorrect clean and rebuild behavior.
     1>ClCompile:
         D:\Visual Studio\VC\bin\CL.exe /c /I"C:\Users\saber\Documents\Visual Studio 2015\Projects\Bumenpipei\jsonCpp\include\json" /ZI /nologo /W3 /WX- /sdl /Od /Oy- /D WIN32 /D _DEBUG /D _CONSOLE /D _UNICODE /D UNICODE /Gm /EHsc /RTC1 /MTd /GS /fp:precise /Zc:wchar_t /Zc:forScope /Zc:inline /Yc"stdafx.h" /Fp"Debug\text.pch" /Fo"Debug\\" /Fd"Debug\vc140.pdb" /Gd /TP /analyze- /errorReport:prompt stdafx.cpp
         stdafx.cpp
         D:\Visual Studio\VC\bin\CL.exe /c /I"C:\Users\saber\Documents\Visual Studio 2015\Projects\Bumenpipei\jsonCpp\include\json" /ZI /nologo /W3 /WX- /sdl /Od /Oy- /D WIN32 /D _DEBUG /D _CONSOLE /D _UNICODE /D UNICODE /Gm /EHsc /RTC1 /MTd /GS /fp:precise /Zc:wchar_t /Zc:forScope /Zc:inline /Yu"stdafx.h" /Fp"Debug\text.pch" /Fo"Debug\\" /Fd"Debug\vc140.pdb" /Gd /TP /analyze- /errorReport:prompt Bumenpipei.cpp
         Bumenpipei.cpp
     1>c:\users\saber\documents\visual studio 2015\projects\bumenpipei\bumenpipei\bumenpipei.cpp(3): warning C4627: “#include "json.h"”: 在查找预编译头使用时跳过
         c:\users\saber\documents\visual studio 2015\projects\bumenpipei\bumenpipei\bumenpipei.cpp(3): note: 将指令添加到“stdafx.h”或重新生成预编译头
     1>c:\users\saber\documents\visual studio 2015\projects\bumenpipei\bumenpipei\head.h(169): warning C4018: “<”: 有符号/无符号不匹配
     1>c:\users\saber\documents\visual studio 2015\projects\bumenpipei\bumenpipei\head.h(170): warning C4018: “<”: 有符号/无符号不匹配
     1>c:\users\saber\documents\visual studio 2015\projects\bumenpipei\bumenpipei\head.h(201): warning C4018: “<”: 有符号/无符号不匹配
     1>c:\users\saber\documents\visual studio 2015\projects\bumenpipei\bumenpipei\head.h(202): warning C4018: “<”: 有符号/无符号不匹配
     1>c:\users\saber\documents\visual studio 2015\projects\bumenpipei\bumenpipei\head.h(235): warning C4018: “<”: 有符号/无符号不匹配
     1>c:\users\saber\documents\visual studio 2015\projects\bumenpipei\bumenpipei\head.h(236): warning C4018: “<”: 有符号/无符号不匹配
     1>c:\users\saber\documents\visual studio 2015\projects\bumenpipei\bumenpipei\head.h(389): warning C4018: “<”: 有符号/无符号不匹配
     1>c:\users\saber\documents\visual studio 2015\projects\bumenpipei\bumenpipei\head.h(266): warning C4715: “clash”: 不是所有的控件路径都返回值
       Link:
         D:\Visual Studio\VC\bin\link.exe /ERRORREPORT:PROMPT /OUT:"C:\Users\saber\documents\visual studio 2015\Projects\Bumenpipei\Debug\text.exe" /INCREMENTAL /NOLOGO /LIBPATH:"C:\Users\saber\Documents\Visual Studio 2015\Projects\Bumenpipei\jsonCpp\lib\debug" kernel32.lib user32.lib gdi32.lib winspool.lib comdlg32.lib advapi32.lib shell32.lib ole32.lib oleaut32.lib uuid.lib odbc32.lib odbccp32.lib json_vc71_libmtd.lib kernel32.lib user32.lib gdi32.lib winspool.lib comdlg32.lib advapi32.lib shell32.lib ole32.lib oleaut32.lib uuid.lib odbc32.lib odbccp32.lib /MANIFEST /MANIFESTUAC:"level='asInvoker' uiAccess='false'" /manifest:embed /Debug /PDB:"C:\Users\saber\documents\visual studio 2015\Projects\Bumenpipei\Debug\text.pdb" /SUBSYSTEM:CONSOLE /TLBID:1 /DYNAMICBASE /NXCOMPAT /IMPLIB:"C:\Users\saber\documents\visual studio 2015\Projects\Bumenpipei\Debug\text.lib" /MACHINE:X86  /FORCE:MULTIPLE Debug\Bumenpipei.obj
         Debug\stdafx.obj
     1>LINK : warning LNK4075: 忽略“/INCREMENTAL”(由于“/FORCE”规范)
     1>Bumenpipei.obj : warning LNK4075: 忽略“/EDITANDCONTINUE”(由于“/OPT:LBR”规范)
     1>json_vc71_libmtd.lib(json_reader.obj) : warning LNK4006: "public: static bool const std::numeric_limits<short>::is_signed" (?is_signed@?$numeric_limits@F@std@@2_NB) 已在 json_vc71_libmtd.lib(json_value.obj) 中定义；已忽略第二个定义
     1>json_vc71_libmtd.lib(json_reader.obj) : warning LNK4006: "public: static int const std::numeric_limits<short>::digits" (?digits@?$numeric_limits@F@std@@2HB) 已在 json_vc71_libmtd.lib(json_value.obj) 中定义；已忽略第二个定义
     1>json_vc71_libmtd.lib(json_reader.obj) : warning LNK4006: "public: static int const std::numeric_limits<short>::digits10" (?digits10@?$numeric_limits@F@std@@2HB) 已在 json_vc71_libmtd.lib(json_value.obj) 中定义；已忽略第二个定义
     1>json_vc71_libmtd.lib(json_reader.obj) : warning LNK4006: "public: static bool const std::numeric_limits<unsigned short>::is_signed" (?is_signed@?$numeric_limits@G@std@@2_NB) 已在 json_vc71_libmtd.lib(json_value.obj) 中定义；已忽略第二个定义
     1>json_vc71_libmtd.lib(json_reader.obj) : warning LNK4006: "public: static int const std::numeric_limits<unsigned short>::digits" (?digits@?$numeric_limits@G@std@@2HB) 已在 json_vc71_libmtd.lib(json_value.obj) 中定义；已忽略第二个定义
     1>json_vc71_libmtd.lib(json_reader.obj) : warning LNK4006: "public: static int const std::numeric_limits<unsigned short>::digits10" (?digits10@?$numeric_limits@G@std@@2HB) 已在 json_vc71_libmtd.lib(json_value.obj) 中定义；已忽略第二个定义
     1>json_vc71_libmtd.lib(json_reader.obj) : warning LNK4006: "public: static bool const std::numeric_limits<char16_t>::is_signed" (?is_signed@?$numeric_limits@_S@std@@2_NB) 已在 json_vc71_libmtd.lib(json_value.obj) 中定义；已忽略第二个定义
     1>json_vc71_libmtd.lib(json_reader.obj) : warning LNK4006: "public: static int const std::numeric_limits<char16_t>::digits" (?digits@?$numeric_limits@_S@std@@2HB) 已在 json_vc71_libmtd.lib(json_value.obj) 中定义；已忽略第二个定义
     1>json_vc71_libmtd.lib(json_reader.obj) : warning LNK4006: "public: static int const std::numeric_limits<char16_t>::digits10" (?digits10@?$numeric_limits@_S@std@@2HB) 已在 json_vc71_libmtd.lib(json_value.obj) 中定义；已忽略第二个定义
     1>json_vc71_libmtd.lib(json_reader.obj) : warning LNK4006: "public: static bool const std::numeric_limits<int>::is_signed" (?is_signed@?$numeric_limits@H@std@@2_NB) 已在 json_vc71_libmtd.lib(json_value.obj) 中定义；已忽略第二个定义
     1>json_vc71_libmtd.lib(json_reader.obj) : warning LNK4006: "public: static int const std::numeric_limits<int>::digits" (?digits@?$numeric_limits@H@std@@2HB) 已在 json_vc71_libmtd.lib(json_value.obj) 中定义；已忽略第二个定义
     1>json_vc71_libmtd.lib(json_reader.obj) : warning LNK4006: "public: static int const std::numeric_limits<int>::digits10" (?digits10@?$numeric_limits@H@std@@2HB) 已在 json_vc71_libmtd.lib(json_value.obj) 中定义；已忽略第二个定义
     1>json_vc71_libmtd.lib(json_reader.obj) : warning LNK4006: "public: static bool const std::numeric_limits<unsigned int>::is_signed" (?is_signed@?$numeric_limits@I@std@@2_NB) 已在 json_vc71_libmtd.lib(json_value.obj) 中定义；已忽略第二个定义
     1>json_vc71_libmtd.lib(json_reader.obj) : warning LNK4006: "public: static int const std::numeric_limits<unsigned int>::digits" (?digits@?$numeric_limits@I@std@@2HB) 已在 json_vc71_libmtd.lib(json_value.obj) 中定义；已忽略第二个定义
     1>json_vc71_libmtd.lib(json_reader.obj) : warning LNK4006: "public: static int const std::numeric_limits<unsigned int>::digits10" (?digits10@?$numeric_limits@I@std@@2HB) 已在 json_vc71_libmtd.lib(json_value.obj) 中定义；已忽略第二个定义
     1>json_vc71_libmtd.lib(json_reader.obj) : warning LNK4006: "public: static bool const std::numeric_limits<long>::is_signed" (?is_signed@?$numeric_limits@J@std@@2_NB) 已在 json_vc71_libmtd.lib(json_value.obj) 中定义；已忽略第二个定义
     1>json_vc71_libmtd.lib(json_reader.obj) : warning LNK4006: "public: static int const std::numeric_limits<long>::digits" (?digits@?$numeric_limits@J@std@@2HB) 已在 json_vc71_libmtd.lib(json_value.obj) 中定义；已忽略第二个定义
     1>json_vc71_libmtd.lib(json_reader.obj) : warning LNK4006: "public: static int const std::numeric_limits<long>::digits10" (?digits10@?$numeric_limits@J@std@@2HB) 已在 json_vc71_libmtd.lib(json_value.obj) 中定义；已忽略第二个定义
     1>json_vc71_libmtd.lib(json_reader.obj) : warning LNK4006: "public: static bool const std::numeric_limits<unsigned long>::is_signed" (?is_signed@?$numeric_limits@K@std@@2_NB) 已在 json_vc71_libmtd.lib(json_value.obj) 中定义；已忽略第二个定义
     1>json_vc71_libmtd.lib(json_reader.obj) : warning LNK4006: "public: static int const std::numeric_limits<unsigned long>::digits" (?digits@?$numeric_limits@K@std@@2HB) 已在 json_vc71_libmtd.lib(json_value.obj) 中定义；已忽略第二个定义
     1>json_vc71_libmtd.lib(json_reader.obj) : warning LNK4006: "public: static int const std::numeric_limits<unsigned long>::digits10" (?digits10@?$numeric_limits@K@std@@2HB) 已在 json_vc71_libmtd.lib(json_value.obj) 中定义；已忽略第二个定义
     1>json_vc71_libmtd.lib(json_reader.obj) : warning LNK4006: "public: static bool const std::numeric_limits<char32_t>::is_signed" (?is_signed@?$numeric_limits@_U@std@@2_NB) 已在 json_vc71_libmtd.lib(json_value.obj) 中定义；已忽略第二个定义
     1>json_vc71_libmtd.lib(json_reader.obj) : warning LNK4006: "public: static int const std::numeric_limits<char32_t>::digits" (?digits@?$numeric_limits@_U@std@@2HB) 已在 json_vc71_libmtd.lib(json_value.obj) 中定义；已忽略第二个定义
     1>json_vc71_libmtd.lib(json_reader.obj) : warning LNK4006: "public: static int const std::numeric_limits<char32_t>::digits10" (?digits10@?$numeric_limits@_U@std@@2HB) 已在 json_vc71_libmtd.lib(json_value.obj) 中定义；已忽略第二个定义
     1>json_vc71_libmtd.lib(json_reader.obj) : warning LNK4006: "public: static bool const std::numeric_limits<__int64>::is_signed" (?is_signed@?$numeric_limits@_J@std@@2_NB) 已在 json_vc71_libmtd.lib(json_value.obj) 中定义；已忽略第二个定义
     1>json_vc71_libmtd.lib(json_reader.obj) : warning LNK4006: "public: static int const std::numeric_limits<__int64>::digits" (?digits@?$numeric_limits@_J@std@@2HB) 已在 json_vc71_libmtd.lib(json_value.obj) 中定义；已忽略第二个定义
     1>json_vc71_libmtd.lib(json_reader.obj) : warning LNK4006: "public: static int const std::numeric_limits<__int64>::digits10" (?digits10@?$numeric_limits@_J@std@@2HB) 已在 json_vc71_libmtd.lib(json_value.obj) 中定义；已忽略第二个定义
     1>json_vc71_libmtd.lib(json_reader.obj) : warning LNK4006: "public: static enum std::float_denorm_style const std::_Num_base::has_denorm" (?has_denorm@_Num_base@std@@2W4float_denorm_style@2@B) 已在 json_vc71_libmtd.lib(json_value.obj) 中定义；已忽略第二个定义
     1>json_vc71_libmtd.lib(json_reader.obj) : warning LNK4006: "public: static bool const std::_Num_base::has_denorm_loss" (?has_denorm_loss@_Num_base@std@@2_NB) 已在 json_vc71_libmtd.lib(json_value.obj) 中定义；已忽略第二个定义
     1>json_vc71_libmtd.lib(json_reader.obj) : warning LNK4006: "public: static bool const std::_Num_base::has_infinity" (?has_infinity@_Num_base@std@@2_NB) 已在 json_vc71_libmtd.lib(json_value.obj) 中定义；已忽略第二个定义
     1>json_vc71_libmtd.lib(json_reader.obj) : warning LNK4006: "public: static bool const std::_Num_base::has_quiet_NaN" (?has_quiet_NaN@_Num_base@std@@2_NB) 已在 json_vc71_libmtd.lib(json_value.obj) 中定义；已忽略第二个定义
     1>json_vc71_libmtd.lib(json_reader.obj) : warning LNK4006: "public: static bool const std::_Num_base::has_signaling_NaN" (?has_signaling_NaN@_Num_base@std@@2_NB) 已在 json_vc71_libmtd.lib(json_value.obj) 中定义；已忽略第二个定义
     1>json_vc71_libmtd.lib(json_reader.obj) : warning LNK4006: "public: static bool const std::numeric_limits<unsigned __int64>::is_signed" (?is_signed@?$numeric_limits@_K@std@@2_NB) 已在 json_vc71_libmtd.lib(json_value.obj) 中定义；已忽略第二个定义
     1>json_vc71_libmtd.lib(json_reader.obj) : warning LNK4006: "public: static bool const std::_Num_base::is_bounded" (?is_bounded@_Num_base@std@@2_NB) 已在 json_vc71_libmtd.lib(json_value.obj) 中定义；已忽略第二个定义
     1>json_vc71_libmtd.lib(json_reader.obj) : warning LNK4006: "public: static int const std::numeric_limits<unsigned __int64>::digits" (?digits@?$numeric_limits@_K@std@@2HB) 已在 json_vc71_libmtd.lib(json_value.obj) 中定义；已忽略第二个定义
     1>json_vc71_libmtd.lib(json_reader.obj) : warning LNK4006: "public: static bool const std::_Num_base::is_exact" (?is_exact@_Num_base@std@@2_NB) 已在 json_vc71_libmtd.lib(json_value.obj) 中定义；已忽略第二个定义
     1>json_vc71_libmtd.lib(json_reader.obj) : warning LNK4006: "public: static int const std::numeric_limits<unsigned __int64>::digits10" (?digits10@?$numeric_limits@_K@std@@2HB) 已在 json_vc71_libmtd.lib(json_value.obj) 中定义；已忽略第二个定义
     1>json_vc71_libmtd.lib(json_reader.obj) : warning LNK4006: "public: static bool const std::_Num_base::is_iec559" (?is_iec559@_Num_base@std@@2_NB) 已在 json_vc71_libmtd.lib(json_value.obj) 中定义；已忽略第二个定义
     1>json_vc71_libmtd.lib(json_reader.obj) : warning LNK4006: "public: static bool const std::_Num_base::is_integer" (?is_integer@_Num_base@std@@2_NB) 已在 json_vc71_libmtd.lib(json_value.obj) 中定义；已忽略第二个定义
     1>json_vc71_libmtd.lib(json_reader.obj) : warning LNK4006: "public: static bool const std::_Num_base::is_modulo" (?is_modulo@_Num_base@std@@2_NB) 已在 json_vc71_libmtd.lib(json_value.obj) 中定义；已忽略第二个定义
     1>json_vc71_libmtd.lib(json_reader.obj) : warning LNK4006: "public: static bool const std::_Num_base::is_signed" (?is_signed@_Num_base@std@@2_NB) 已在 json_vc71_libmtd.lib(json_value.obj) 中定义；已忽略第二个定义
     1>json_vc71_libmtd.lib(json_reader.obj) : warning LNK4006: "public: static bool const std::_Num_base::is_specialized" (?is_specialized@_Num_base@std@@2_NB) 已在 json_vc71_libmtd.lib(json_value.obj) 中定义；已忽略第二个定义
     1>json_vc71_libmtd.lib(json_reader.obj) : warning LNK4006: "public: static bool const std::_Num_base::tinyness_before" (?tinyness_before@_Num_base@std@@2_NB) 已在 json_vc71_libmtd.lib(json_value.obj) 中定义；已忽略第二个定义
     1>json_vc71_libmtd.lib(json_reader.obj) : warning LNK4006: "public: static bool const std::_Num_base::traps" (?traps@_Num_base@std@@2_NB) 已在 json_vc71_libmtd.lib(json_value.obj) 中定义；已忽略第二个定义
     1>json_vc71_libmtd.lib(json_reader.obj) : warning LNK4006: "public: static enum std::float_round_style const std::_Num_base::round_style" (?round_style@_Num_base@std@@2W4float_round_style@2@B) 已在 json_vc71_libmtd.lib(json_value.obj) 中定义；已忽略第二个定义
     1>json_vc71_libmtd.lib(json_reader.obj) : warning LNK4006: "public: static int const std::_Num_base::digits" (?digits@_Num_base@std@@2HB) 已在 json_vc71_libmtd.lib(json_value.obj) 中定义；已忽略第二个定义
     1>json_vc71_libmtd.lib(json_reader.obj) : warning LNK4006: "public: static int const std::_Num_base::digits10" (?digits10@_Num_base@std@@2HB) 已在 json_vc71_libmtd.lib(json_value.obj) 中定义；已忽略第二个定义
     1>json_vc71_libmtd.lib(json_reader.obj) : warning LNK4006: "public: static int const std::_Num_base::max_digits10" (?max_digits10@_Num_base@std@@2HB) 已在 json_vc71_libmtd.lib(json_value.obj) 中定义；已忽略第二个定义
     1>json_vc71_libmtd.lib(json_reader.obj) : warning LNK4006: "public: static int const std::_Num_base::max_exponent" (?max_exponent@_Num_base@std@@2HB) 已在 json_vc71_libmtd.lib(json_value.obj) 中定义；已忽略第二个定义
     1>json_vc71_libmtd.lib(json_reader.obj) : warning LNK4006: "public: static int const std::_Num_base::max_exponent10" (?max_exponent10@_Num_base@std@@2HB) 已在 json_vc71_libmtd.lib(json_value.obj) 中定义；已忽略第二个定义
     1>json_vc71_libmtd.lib(json_reader.obj) : warning LNK4006: "public: static int const std::_Num_base::min_exponent" (?min_exponent@_Num_base@std@@2HB) 已在 json_vc71_libmtd.lib(json_value.obj) 中定义；已忽略第二个定义
     1>json_vc71_libmtd.lib(json_reader.obj) : warning LNK4006: "public: static int const std::_Num_base::min_exponent10" (?min_exponent10@_Num_base@std@@2HB) 已在 json_vc71_libmtd.lib(json_value.obj) 中定义；已忽略第二个定义
     1>json_vc71_libmtd.lib(json_reader.obj) : warning LNK4006: "public: static int const std::_Num_base::radix" (?radix@_Num_base@std@@2HB) 已在 json_vc71_libmtd.lib(json_value.obj) 中定义；已忽略第二个定义
     1>json_vc71_libmtd.lib(json_reader.obj) : warning LNK4006: "public: static int const std::numeric_limits<float>::digits" (?digits@?$numeric_limits@M@std@@2HB) 已在 json_vc71_libmtd.lib(json_value.obj) 中定义；已忽略第二个定义
     1>json_vc71_libmtd.lib(json_reader.obj) : warning LNK4006: "public: static int const std::numeric_limits<float>::digits10" (?digits10@?$numeric_limits@M@std@@2HB) 已在 json_vc71_libmtd.lib(json_value.obj) 中定义；已忽略第二个定义
     1>json_vc71_libmtd.lib(json_reader.obj) : warning LNK4006: "public: static int const std::numeric_limits<float>::max_digits10" (?max_digits10@?$numeric_limits@M@std@@2HB) 已在 json_vc71_libmtd.lib(json_value.obj) 中定义；已忽略第二个定义
     1>json_vc71_libmtd.lib(json_reader.obj) : warning LNK4006: "public: static int const std::numeric_limits<float>::max_exponent" (?max_exponent@?$numeric_limits@M@std@@2HB) 已在 json_vc71_libmtd.lib(json_value.obj) 中定义；已忽略第二个定义
     1>json_vc71_libmtd.lib(json_reader.obj) : warning LNK4006: "public: static int const std::numeric_limits<float>::max_exponent10" (?max_exponent10@?$numeric_limits@M@std@@2HB) 已在 json_vc71_libmtd.lib(json_value.obj) 中定义；已忽略第二个定义
     1>json_vc71_libmtd.lib(json_reader.obj) : warning LNK4006: "public: static int const std::numeric_limits<float>::min_exponent" (?min_exponent@?$numeric_limits@M@std@@2HB) 已在 json_vc71_libmtd.lib(json_value.obj) 中定义；已忽略第二个定义
     1>json_vc71_libmtd.lib(json_reader.obj) : warning LNK4006: "public: static int const std::numeric_limits<float>::min_exponent10" (?min_exponent10@?$numeric_limits@M@std@@2HB) 已在 json_vc71_libmtd.lib(json_value.obj) 中定义；已忽略第二个定义
     1>json_vc71_libmtd.lib(json_reader.obj) : warning LNK4006: "public: static bool const std::_Num_int_base::is_bounded" (?is_bounded@_Num_int_base@std@@2_NB) 已在 json_vc71_libmtd.lib(json_value.obj) 中定义；已忽略第二个定义
     1>json_vc71_libmtd.lib(json_reader.obj) : warning LNK4006: "public: static bool const std::_Num_int_base::is_exact" (?is_exact@_Num_int_base@std@@2_NB) 已在 json_vc71_libmtd.lib(json_value.obj) 中定义；已忽略第二个定义
     1>json_vc71_libmtd.lib(json_reader.obj) : warning LNK4006: "public: static bool const std::_Num_int_base::is_integer" (?is_integer@_Num_int_base@std@@2_NB) 已在 json_vc71_libmtd.lib(json_value.obj) 中定义；已忽略第二个定义
     1>json_vc71_libmtd.lib(json_reader.obj) : warning LNK4006: "public: static bool const std::_Num_int_base::is_modulo" (?is_modulo@_Num_int_base@std@@2_NB) 已在 json_vc71_libmtd.lib(json_value.obj) 中定义；已忽略第二个定义
     1>json_vc71_libmtd.lib(json_reader.obj) : warning LNK4006: "public: static bool const std::_Num_int_base::is_specialized" (?is_specialized@_Num_int_base@std@@2_NB) 已在 json_vc71_libmtd.lib(json_value.obj) 中定义；已忽略第二个定义
     1>json_vc71_libmtd.lib(json_reader.obj) : warning LNK4006: "public: static int const std::_Num_int_base::radix" (?radix@_Num_int_base@std@@2HB) 已在 json_vc71_libmtd.lib(json_value.obj) 中定义；已忽略第二个定义
     1>json_vc71_libmtd.lib(json_reader.obj) : warning LNK4006: "public: static enum std::float_denorm_style const std::_Num_float_base::has_denorm" (?has_denorm@_Num_float_base@std@@2W4float_denorm_style@2@B) 已在 json_vc71_libmtd.lib(json_value.obj) 中定义；已忽略第二个定义
     1>json_vc71_libmtd.lib(json_reader.obj) : warning LNK4006: "public: static bool const std::_Num_float_base::has_denorm_loss" (?has_denorm_loss@_Num_float_base@std@@2_NB) 已在 json_vc71_libmtd.lib(json_value.obj) 中定义；已忽略第二个定义
     1>json_vc71_libmtd.lib(json_reader.obj) : warning LNK4006: "public: static bool const std::_Num_float_base::has_infinity" (?has_infinity@_Num_float_base@std@@2_NB) 已在 json_vc71_libmtd.lib(json_value.obj) 中定义；已忽略第二个定义
     1>json_vc71_libmtd.lib(json_reader.obj) : warning LNK4006: "public: static bool const std::_Num_float_base::has_quiet_NaN" (?has_quiet_NaN@_Num_float_base@std@@2_NB) 已在 json_vc71_libmtd.lib(json_value.obj) 中定义；已忽略第二个定义
     1>json_vc71_libmtd.lib(json_reader.obj) : warning LNK4006: "public: static bool const std::_Num_float_base::has_signaling_NaN" (?has_signaling_NaN@_Num_float_base@std@@2_NB) 已在 json_vc71_libmtd.lib(json_value.obj) 中定义；已忽略第二个定义
     1>json_vc71_libmtd.lib(json_reader.obj) : warning LNK4006: "public: static bool const std::_Num_float_base::is_bounded" (?is_bounded@_Num_float_base@std@@2_NB) 已在 json_vc71_libmtd.lib(json_value.obj) 中定义；已忽略第二个定义
     1>json_vc71_libmtd.lib(json_reader.obj) : warning LNK4006: "public: static bool const std::_Num_float_base::is_exact" (?is_exact@_Num_float_base@std@@2_NB) 已在 json_vc71_libmtd.lib(json_value.obj) 中定义；已忽略第二个定义
     1>json_vc71_libmtd.lib(json_reader.obj) : warning LNK4006: "public: static int const std::numeric_limits<double>::digits" (?digits@?$numeric_limits@N@std@@2HB) 已在 json_vc71_libmtd.lib(json_value.obj) 中定义；已忽略第二个定义
     1>json_vc71_libmtd.lib(json_reader.obj) : warning LNK4006: "public: static int const std::numeric_limits<double>::digits10" (?digits10@?$numeric_limits@N@std@@2HB) 已在 json_vc71_libmtd.lib(json_value.obj) 中定义；已忽略第二个定义
     1>json_vc71_libmtd.lib(json_reader.obj) : warning LNK4006: "public: static bool const std::_Num_float_base::is_iec559" (?is_iec559@_Num_float_base@std@@2_NB) 已在 json_vc71_libmtd.lib(json_value.obj) 中定义；已忽略第二个定义
     1>json_vc71_libmtd.lib(json_reader.obj) : warning LNK4006: "public: static bool const std::_Num_float_base::is_integer" (?is_integer@_Num_float_base@std@@2_NB) 已在 json_vc71_libmtd.lib(json_value.obj) 中定义；已忽略第二个定义
     1>json_vc71_libmtd.lib(json_reader.obj) : warning LNK4006: "public: static int const std::numeric_limits<double>::max_digits10" (?max_digits10@?$numeric_limits@N@std@@2HB) 已在 json_vc71_libmtd.lib(json_value.obj) 中定义；已忽略第二个定义
     1>json_vc71_libmtd.lib(json_reader.obj) : warning LNK4006: "public: static bool const std::_Num_float_base::is_modulo" (?is_modulo@_Num_float_base@std@@2_NB) 已在 json_vc71_libmtd.lib(json_value.obj) 中定义；已忽略第二个定义
     1>json_vc71_libmtd.lib(json_reader.obj) : warning LNK4006: "public: static int const std::numeric_limits<double>::max_exponent" (?max_exponent@?$numeric_limits@N@std@@2HB) 已在 json_vc71_libmtd.lib(json_value.obj) 中定义；已忽略第二个定义
     1>json_vc71_libmtd.lib(json_reader.obj) : warning LNK4006: "public: static bool const std::_Num_float_base::is_signed" (?is_signed@_Num_float_base@std@@2_NB) 已在 json_vc71_libmtd.lib(json_value.obj) 中定义；已忽略第二个定义
     1>json_vc71_libmtd.lib(json_reader.obj) : warning LNK4006: "public: static int const std::numeric_limits<double>::max_exponent10" (?max_exponent10@?$numeric_limits@N@std@@2HB) 已在 json_vc71_libmtd.lib(json_value.obj) 中定义；已忽略第二个定义
     1>json_vc71_libmtd.lib(json_reader.obj) : warning LNK4006: "public: static bool const std::_Num_float_base::is_specialized" (?is_specialized@_Num_float_base@std@@2_NB) 已在 json_vc71_libmtd.lib(json_value.obj) 中定义；已忽略第二个定义
     1>json_vc71_libmtd.lib(json_reader.obj) : warning LNK4006: "public: static int const std::numeric_limits<double>::min_exponent" (?min_exponent@?$numeric_limits@N@std@@2HB) 已在 json_vc71_libmtd.lib(json_value.obj) 中定义；已忽略第二个定义
     1>json_vc71_libmtd.lib(json_reader.obj) : warning LNK4006: "public: static bool const std::_Num_float_base::tinyness_before" (?tinyness_before@_Num_float_base@std@@2_NB) 已在 json_vc71_libmtd.lib(json_value.obj) 中定义；已忽略第二个定义
     1>json_vc71_libmtd.lib(json_reader.obj) : warning LNK4006: "public: static bool const std::_Num_float_base::traps" (?traps@_Num_float_base@std@@2_NB) 已在 json_vc71_libmtd.lib(json_value.obj) 中定义；已忽略第二个定义
     1>json_vc71_libmtd.lib(json_reader.obj) : warning LNK4006: "public: static int const std::numeric_limits<double>::min_exponent10" (?min_exponent10@?$numeric_limits@N@std@@2HB) 已在 json_vc71_libmtd.lib(json_value.obj) 中定义；已忽略第二个定义
     1>json_vc71_libmtd.lib(json_reader.obj) : warning LNK4006: "public: static enum std::float_round_style const std::_Num_float_base::round_style" (?round_style@_Num_float_base@std@@2W4float_round_style@2@B) 已在 json_vc71_libmtd.lib(json_value.obj) 中定义；已忽略第二个定义
     1>json_vc71_libmtd.lib(json_reader.obj) : warning LNK4006: "public: static int const std::_Num_float_base::radix" (?radix@_Num_float_base@std@@2HB) 已在 json_vc71_libmtd.lib(json_value.obj) 中定义；已忽略第二个定义
     1>json_vc71_libmtd.lib(json_reader.obj) : warning LNK4006: "public: static bool const std::numeric_limits<char>::is_signed" (?is_signed@?$numeric_limits@D@std@@2_NB) 已在 json_vc71_libmtd.lib(json_value.obj) 中定义；已忽略第二个定义
     1>json_vc71_libmtd.lib(json_reader.obj) : warning LNK4006: "public: static int const std::numeric_limits<char>::digits" (?digits@?$numeric_limits@D@std@@2HB) 已在 json_vc71_libmtd.lib(json_value.obj) 中定义；已忽略第二个定义
     1>json_vc71_libmtd.lib(json_reader.obj) : warning LNK4006: "public: static int const std::numeric_limits<char>::digits10" (?digits10@?$numeric_limits@D@std@@2HB) 已在 json_vc71_libmtd.lib(json_value.obj) 中定义；已忽略第二个定义
     1>json_vc71_libmtd.lib(json_reader.obj) : warning LNK4006: "public: static int const std::numeric_limits<long double>::digits" (?digits@?$numeric_limits@O@std@@2HB) 已在 json_vc71_libmtd.lib(json_value.obj) 中定义；已忽略第二个定义
     1>json_vc71_libmtd.lib(json_reader.obj) : warning LNK4006: "public: static int const std::numeric_limits<long double>::digits10" (?digits10@?$numeric_limits@O@std@@2HB) 已在 json_vc71_libmtd.lib(json_value.obj) 中定义；已忽略第二个定义
     1>json_vc71_libmtd.lib(json_reader.obj) : warning LNK4006: "public: static int const std::numeric_limits<long double>::max_digits10" (?max_digits10@?$numeric_limits@O@std@@2HB) 已在 json_vc71_libmtd.lib(json_value.obj) 中定义；已忽略第二个定义
     1>json_vc71_libmtd.lib(json_reader.obj) : warning LNK4006: "public: static int const std::numeric_limits<long double>::max_exponent" (?max_exponent@?$numeric_limits@O@std@@2HB) 已在 json_vc71_libmtd.lib(json_value.obj) 中定义；已忽略第二个定义
     1>json_vc71_libmtd.lib(json_reader.obj) : warning LNK4006: "public: static int const std::numeric_limits<long double>::max_exponent10" (?max_exponent10@?$numeric_limits@O@std@@2HB) 已在 json_vc71_libmtd.lib(json_value.obj) 中定义；已忽略第二个定义
     1>json_vc71_libmtd.lib(json_reader.obj) : warning LNK4006: "public: static int const std::numeric_limits<long double>::min_exponent" (?min_exponent@?$numeric_limits@O@std@@2HB) 已在 json_vc71_libmtd.lib(json_value.obj) 中定义；已忽略第二个定义
     1>json_vc71_libmtd.lib(json_reader.obj) : warning LNK4006: "public: static int const std::numeric_limits<long double>::min_exponent10" (?min_exponent10@?$numeric_limits@O@std@@2HB) 已在 json_vc71_libmtd.lib(json_value.obj) 中定义；已忽略第二个定义
     1>json_vc71_libmtd.lib(json_reader.obj) : warning LNK4006: "public: static bool const std::numeric_limits<wchar_t>::is_signed" (?is_signed@?$numeric_limits@_W@std@@2_NB) 已在 json_vc71_libmtd.lib(json_value.obj) 中定义；已忽略第二个定义
     1>json_vc71_libmtd.lib(json_reader.obj) : warning LNK4006: "public: static int const std::numeric_limits<wchar_t>::digits" (?digits@?$numeric_limits@_W@std@@2HB) 已在 json_vc71_libmtd.lib(json_value.obj) 中定义；已忽略第二个定义
     1>json_vc71_libmtd.lib(json_reader.obj) : warning LNK4006: "public: static int const std::numeric_limits<wchar_t>::digits10" (?digits10@?$numeric_limits@_W@std@@2HB) 已在 json_vc71_libmtd.lib(json_value.obj) 中定义；已忽略第二个定义
     1>json_vc71_libmtd.lib(json_reader.obj) : warning LNK4006: "public: static bool const std::numeric_limits<bool>::is_modulo" (?is_modulo@?$numeric_limits@_N@std@@2_NB) 已在 json_vc71_libmtd.lib(json_value.obj) 中定义；已忽略第二个定义
     1>json_vc71_libmtd.lib(json_reader.obj) : warning LNK4006: "public: static bool const std::numeric_limits<bool>::is_signed" (?is_signed@?$numeric_limits@_N@std@@2_NB) 已在 json_vc71_libmtd.lib(json_value.obj) 中定义；已忽略第二个定义
     1>json_vc71_libmtd.lib(json_reader.obj) : warning LNK4006: "public: static int const std::numeric_limits<bool>::digits" (?digits@?$numeric_limits@_N@std@@2HB) 已在 json_vc71_libmtd.lib(json_value.obj) 中定义；已忽略第二个定义
     1>json_vc71_libmtd.lib(json_reader.obj) : warning LNK4006: "public: static int const std::numeric_limits<bool>::digits10" (?digits10@?$numeric_limits@_N@std@@2HB) 已在 json_vc71_libmtd.lib(json_value.obj) 中定义；已忽略第二个定义
     1>json_vc71_libmtd.lib(json_reader.obj) : warning LNK4006: "public: static bool const std::numeric_limits<signed char>::is_signed" (?is_signed@?$numeric_limits@C@std@@2_NB) 已在 json_vc71_libmtd.lib(json_value.obj) 中定义；已忽略第二个定义
     1>json_vc71_libmtd.lib(json_reader.obj) : warning LNK4006: "public: static int const std::numeric_limits<signed char>::digits" (?digits@?$numeric_limits@C@std@@2HB) 已在 json_vc71_libmtd.lib(json_value.obj) 中定义；已忽略第二个定义
     1>json_vc71_libmtd.lib(json_reader.obj) : warning LNK4006: "public: static int const std::numeric_limits<signed char>::digits10" (?digits10@?$numeric_limits@C@std@@2HB) 已在 json_vc71_libmtd.lib(json_value.obj) 中定义；已忽略第二个定义
     1>json_vc71_libmtd.lib(json_reader.obj) : warning LNK4006: "public: static bool const std::numeric_limits<unsigned char>::is_signed" (?is_signed@?$numeric_limits@E@std@@2_NB) 已在 json_vc71_libmtd.lib(json_value.obj) 中定义；已忽略第二个定义
     1>json_vc71_libmtd.lib(json_reader.obj) : warning LNK4006: "public: static int const std::numeric_limits<unsigned char>::digits" (?digits@?$numeric_limits@E@std@@2HB) 已在 json_vc71_libmtd.lib(json_value.obj) 中定义；已忽略第二个定义
     1>json_vc71_libmtd.lib(json_reader.obj) : warning LNK4006: "public: static int const std::numeric_limits<unsigned char>::digits10" (?digits10@?$numeric_limits@E@std@@2HB) 已在 json_vc71_libmtd.lib(json_value.obj) 中定义；已忽略第二个定义
     1>json_vc71_libmtd.lib(json_writer.obj) : warning LNK4006: "public: static bool const std::numeric_limits<short>::is_signed" (?is_signed@?$numeric_limits@F@std@@2_NB) 已在 json_vc71_libmtd.lib(json_value.obj) 中定义；已忽略第二个定义
     1>json_vc71_libmtd.lib(json_writer.obj) : warning LNK4006: "public: static int const std::numeric_limits<short>::digits" (?digits@?$numeric_limits@F@std@@2HB) 已在 json_vc71_libmtd.lib(json_value.obj) 中定义；已忽略第二个定义
     1>json_vc71_libmtd.lib(json_writer.obj) : warning LNK4006: "public: static int const std::numeric_limits<short>::digits10" (?digits10@?$numeric_limits@F@std@@2HB) 已在 json_vc71_libmtd.lib(json_value.obj) 中定义；已忽略第二个定义
     1>json_vc71_libmtd.lib(json_writer.obj) : warning LNK4006: "public: static bool const std::numeric_limits<unsigned short>::is_signed" (?is_signed@?$numeric_limits@G@std@@2_NB) 已在 json_vc71_libmtd.lib(json_value.obj) 中定义；已忽略第二个定义
     1>json_vc71_libmtd.lib(json_writer.obj) : warning LNK4006: "public: static int const std::numeric_limits<unsigned short>::digits" (?digits@?$numeric_limits@G@std@@2HB) 已在 json_vc71_libmtd.lib(json_value.obj) 中定义；已忽略第二个定义
     1>json_vc71_libmtd.lib(json_writer.obj) : warning LNK4006: "public: static int const std::numeric_limits<unsigned short>::digits10" (?digits10@?$numeric_limits@G@std@@2HB) 已在 json_vc71_libmtd.lib(json_value.obj) 中定义；已忽略第二个定义
     1>json_vc71_libmtd.lib(json_writer.obj) : warning LNK4006: "public: static bool const std::numeric_limits<char16_t>::is_signed" (?is_signed@?$numeric_limits@_S@std@@2_NB) 已在 json_vc71_libmtd.lib(json_value.obj) 中定义；已忽略第二个定义
     1>json_vc71_libmtd.lib(json_writer.obj) : warning LNK4006: "public: static int const std::numeric_limits<char16_t>::digits" (?digits@?$numeric_limits@_S@std@@2HB) 已在 json_vc71_libmtd.lib(json_value.obj) 中定义；已忽略第二个定义
     1>json_vc71_libmtd.lib(json_writer.obj) : warning LNK4006: "public: static int const std::numeric_limits<char16_t>::digits10" (?digits10@?$numeric_limits@_S@std@@2HB) 已在 json_vc71_libmtd.lib(json_value.obj) 中定义；已忽略第二个定义
     1>json_vc71_libmtd.lib(json_writer.obj) : warning LNK4006: "public: static bool const std::numeric_limits<int>::is_signed" (?is_signed@?$numeric_limits@H@std@@2_NB) 已在 json_vc71_libmtd.lib(json_value.obj) 中定义；已忽略第二个定义
     1>json_vc71_libmtd.lib(json_writer.obj) : warning LNK4006: "public: static int const std::numeric_limits<int>::digits" (?digits@?$numeric_limits@H@std@@2HB) 已在 json_vc71_libmtd.lib(json_value.obj) 中定义；已忽略第二个定义
     1>json_vc71_libmtd.lib(json_writer.obj) : warning LNK4006: "public: static int const std::numeric_limits<int>::digits10" (?digits10@?$numeric_limits@H@std@@2HB) 已在 json_vc71_libmtd.lib(json_value.obj) 中定义；已忽略第二个定义
     1>json_vc71_libmtd.lib(json_writer.obj) : warning LNK4006: "public: static bool const std::numeric_limits<unsigned int>::is_signed" (?is_signed@?$numeric_limits@I@std@@2_NB) 已在 json_vc71_libmtd.lib(json_value.obj) 中定义；已忽略第二个定义
     1>json_vc71_libmtd.lib(json_writer.obj) : warning LNK4006: "public: static int const std::numeric_limits<unsigned int>::digits" (?digits@?$numeric_limits@I@std@@2HB) 已在 json_vc71_libmtd.lib(json_value.obj) 中定义；已忽略第二个定义
     1>json_vc71_libmtd.lib(json_writer.obj) : warning LNK4006: "public: static int const std::numeric_limits<unsigned int>::digits10" (?digits10@?$numeric_limits@I@std@@2HB) 已在 json_vc71_libmtd.lib(json_value.obj) 中定义；已忽略第二个定义
     1>json_vc71_libmtd.lib(json_writer.obj) : warning LNK4006: "public: static bool const std::numeric_limits<long>::is_signed" (?is_signed@?$numeric_limits@J@std@@2_NB) 已在 json_vc71_libmtd.lib(json_value.obj) 中定义；已忽略第二个定义
     1>json_vc71_libmtd.lib(json_writer.obj) : warning LNK4006: "public: static int const std::numeric_limits<long>::digits" (?digits@?$numeric_limits@J@std@@2HB) 已在 json_vc71_libmtd.lib(json_value.obj) 中定义；已忽略第二个定义
     1>json_vc71_libmtd.lib(json_writer.obj) : warning LNK4006: "public: static int const std::numeric_limits<long>::digits10" (?digits10@?$numeric_limits@J@std@@2HB) 已在 json_vc71_libmtd.lib(json_value.obj) 中定义；已忽略第二个定义
     1>json_vc71_libmtd.lib(json_writer.obj) : warning LNK4006: "public: static bool const std::numeric_limits<unsigned long>::is_signed" (?is_signed@?$numeric_limits@K@std@@2_NB) 已在 json_vc71_libmtd.lib(json_value.obj) 中定义；已忽略第二个定义
     1>json_vc71_libmtd.lib(json_writer.obj) : warning LNK4006: "public: static int const std::numeric_limits<unsigned long>::digits" (?digits@?$numeric_limits@K@std@@2HB) 已在 json_vc71_libmtd.lib(json_value.obj) 中定义；已忽略第二个定义
     1>json_vc71_libmtd.lib(json_writer.obj) : warning LNK4006: "public: static int const std::numeric_limits<unsigned long>::digits10" (?digits10@?$numeric_limits@K@std@@2HB) 已在 json_vc71_libmtd.lib(json_value.obj) 中定义；已忽略第二个定义
     1>json_vc71_libmtd.lib(json_writer.obj) : warning LNK4006: "public: static bool const std::numeric_limits<char32_t>::is_signed" (?is_signed@?$numeric_limits@_U@std@@2_NB) 已在 json_vc71_libmtd.lib(json_value.obj) 中定义；已忽略第二个定义
     1>json_vc71_libmtd.lib(json_writer.obj) : warning LNK4006: "public: static int const std::numeric_limits<char32_t>::digits" (?digits@?$numeric_limits@_U@std@@2HB) 已在 json_vc71_libmtd.lib(json_value.obj) 中定义；已忽略第二个定义
     1>json_vc71_libmtd.lib(json_writer.obj) : warning LNK4006: "public: static int const std::numeric_limits<char32_t>::digits10" (?digits10@?$numeric_limits@_U@std@@2HB) 已在 json_vc71_libmtd.lib(json_value.obj) 中定义；已忽略第二个定义
     1>json_vc71_libmtd.lib(json_writer.obj) : warning LNK4006: "public: static bool const std::numeric_limits<__int64>::is_signed" (?is_signed@?$numeric_limits@_J@std@@2_NB) 已在 json_vc71_libmtd.lib(json_value.obj) 中定义；已忽略第二个定义
     1>json_vc71_libmtd.lib(json_writer.obj) : warning LNK4006: "public: static int const std::numeric_limits<__int64>::digits" (?digits@?$numeric_limits@_J@std@@2HB) 已在 json_vc71_libmtd.lib(json_value.obj) 中定义；已忽略第二个定义
     1>json_vc71_libmtd.lib(json_writer.obj) : warning LNK4006: "public: static int const std::numeric_limits<__int64>::digits10" (?digits10@?$numeric_limits@_J@std@@2HB) 已在 json_vc71_libmtd.lib(json_value.obj) 中定义；已忽略第二个定义
     1>json_vc71_libmtd.lib(json_writer.obj) : warning LNK4006: "public: static enum std::float_denorm_style const std::_Num_base::has_denorm" (?has_denorm@_Num_base@std@@2W4float_denorm_style@2@B) 已在 json_vc71_libmtd.lib(json_value.obj) 中定义；已忽略第二个定义
     1>json_vc71_libmtd.lib(json_writer.obj) : warning LNK4006: "public: static bool const std::_Num_base::has_denorm_loss" (?has_denorm_loss@_Num_base@std@@2_NB) 已在 json_vc71_libmtd.lib(json_value.obj) 中定义；已忽略第二个定义
     1>json_vc71_libmtd.lib(json_writer.obj) : warning LNK4006: "public: static bool const std::_Num_base::has_infinity" (?has_infinity@_Num_base@std@@2_NB) 已在 json_vc71_libmtd.lib(json_value.obj) 中定义；已忽略第二个定义
     1>json_vc71_libmtd.lib(json_writer.obj) : warning LNK4006: "public: static bool const std::_Num_base::has_quiet_NaN" (?has_quiet_NaN@_Num_base@std@@2_NB) 已在 json_vc71_libmtd.lib(json_value.obj) 中定义；已忽略第二个定义
     1>json_vc71_libmtd.lib(json_writer.obj) : warning LNK4006: "public: static bool const std::_Num_base::has_signaling_NaN" (?has_signaling_NaN@_Num_base@std@@2_NB) 已在 json_vc71_libmtd.lib(json_value.obj) 中定义；已忽略第二个定义
     1>json_vc71_libmtd.lib(json_writer.obj) : warning LNK4006: "public: static bool const std::numeric_limits<unsigned __int64>::is_signed" (?is_signed@?$numeric_limits@_K@std@@2_NB) 已在 json_vc71_libmtd.lib(json_value.obj) 中定义；已忽略第二个定义
     1>json_vc71_libmtd.lib(json_writer.obj) : warning LNK4006: "public: static bool const std::_Num_base::is_bounded" (?is_bounded@_Num_base@std@@2_NB) 已在 json_vc71_libmtd.lib(json_value.obj) 中定义；已忽略第二个定义
     1>json_vc71_libmtd.lib(json_writer.obj) : warning LNK4006: "public: static int const std::numeric_limits<unsigned __int64>::digits" (?digits@?$numeric_limits@_K@std@@2HB) 已在 json_vc71_libmtd.lib(json_value.obj) 中定义；已忽略第二个定义
     1>json_vc71_libmtd.lib(json_writer.obj) : warning LNK4006: "public: static bool const std::_Num_base::is_exact" (?is_exact@_Num_base@std@@2_NB) 已在 json_vc71_libmtd.lib(json_value.obj) 中定义；已忽略第二个定义
     1>json_vc71_libmtd.lib(json_writer.obj) : warning LNK4006: "public: static int const std::numeric_limits<unsigned __int64>::digits10" (?digits10@?$numeric_limits@_K@std@@2HB) 已在 json_vc71_libmtd.lib(json_value.obj) 中定义；已忽略第二个定义
     1>json_vc71_libmtd.lib(json_writer.obj) : warning LNK4006: "public: static bool const std::_Num_base::is_iec559" (?is_iec559@_Num_base@std@@2_NB) 已在 json_vc71_libmtd.lib(json_value.obj) 中定义；已忽略第二个定义
     1>json_vc71_libmtd.lib(json_writer.obj) : warning LNK4006: "public: static bool const std::_Num_base::is_integer" (?is_integer@_Num_base@std@@2_NB) 已在 json_vc71_libmtd.lib(json_value.obj) 中定义；已忽略第二个定义
     1>json_vc71_libmtd.lib(json_writer.obj) : warning LNK4006: "public: static bool const std::_Num_base::is_modulo" (?is_modulo@_Num_base@std@@2_NB) 已在 json_vc71_libmtd.lib(json_value.obj) 中定义；已忽略第二个定义
     1>json_vc71_libmtd.lib(json_writer.obj) : warning LNK4006: "public: static bool const std::_Num_base::is_signed" (?is_signed@_Num_base@std@@2_NB) 已在 json_vc71_libmtd.lib(json_value.obj) 中定义；已忽略第二个定义
     1>json_vc71_libmtd.lib(json_writer.obj) : warning LNK4006: "public: static bool const std::_Num_base::is_specialized" (?is_specialized@_Num_base@std@@2_NB) 已在 json_vc71_libmtd.lib(json_value.obj) 中定义；已忽略第二个定义
     1>json_vc71_libmtd.lib(json_writer.obj) : warning LNK4006: "public: static bool const std::_Num_base::tinyness_before" (?tinyness_before@_Num_base@std@@2_NB) 已在 json_vc71_libmtd.lib(json_value.obj) 中定义；已忽略第二个定义
     1>json_vc71_libmtd.lib(json_writer.obj) : warning LNK4006: "public: static bool const std::_Num_base::traps" (?traps@_Num_base@std@@2_NB) 已在 json_vc71_libmtd.lib(json_value.obj) 中定义；已忽略第二个定义
     1>json_vc71_libmtd.lib(json_writer.obj) : warning LNK4006: "public: static enum std::float_round_style const std::_Num_base::round_style" (?round_style@_Num_base@std@@2W4float_round_style@2@B) 已在 json_vc71_libmtd.lib(json_value.obj) 中定义；已忽略第二个定义
     1>json_vc71_libmtd.lib(json_writer.obj) : warning LNK4006: "public: static int const std::_Num_base::digits" (?digits@_Num_base@std@@2HB) 已在 json_vc71_libmtd.lib(json_value.obj) 中定义；已忽略第二个定义
     1>json_vc71_libmtd.lib(json_writer.obj) : warning LNK4006: "public: static int const std::_Num_base::digits10" (?digits10@_Num_base@std@@2HB) 已在 json_vc71_libmtd.lib(json_value.obj) 中定义；已忽略第二个定义
     1>json_vc71_libmtd.lib(json_writer.obj) : warning LNK4006: "public: static int const std::_Num_base::max_digits10" (?max_digits10@_Num_base@std@@2HB) 已在 json_vc71_libmtd.lib(json_value.obj) 中定义；已忽略第二个定义
     1>json_vc71_libmtd.lib(json_writer.obj) : warning LNK4006: "public: static int const std::_Num_base::max_exponent" (?max_exponent@_Num_base@std@@2HB) 已在 json_vc71_libmtd.lib(json_value.obj) 中定义；已忽略第二个定义
     1>json_vc71_libmtd.lib(json_writer.obj) : warning LNK4006: "public: static int const std::_Num_base::max_exponent10" (?max_exponent10@_Num_base@std@@2HB) 已在 json_vc71_libmtd.lib(json_value.obj) 中定义；已忽略第二个定义
     1>json_vc71_libmtd.lib(json_writer.obj) : warning LNK4006: "public: static int const std::_Num_base::min_exponent" (?min_exponent@_Num_base@std@@2HB) 已在 json_vc71_libmtd.lib(json_value.obj) 中定义；已忽略第二个定义
     1>json_vc71_libmtd.lib(json_writer.obj) : warning LNK4006: "public: static int const std::_Num_base::min_exponent10" (?min_exponent10@_Num_base@std@@2HB) 已在 json_vc71_libmtd.lib(json_value.obj) 中定义；已忽略第二个定义
     1>json_vc71_libmtd.lib(json_writer.obj) : warning LNK4006: "public: static int const std::_Num_base::radix" (?radix@_Num_base@std@@2HB) 已在 json_vc71_libmtd.lib(json_value.obj) 中定义；已忽略第二个定义
     1>json_vc71_libmtd.lib(json_writer.obj) : warning LNK4006: "public: static int const std::numeric_limits<float>::digits" (?digits@?$numeric_limits@M@std@@2HB) 已在 json_vc71_libmtd.lib(json_value.obj) 中定义；已忽略第二个定义
     1>json_vc71_libmtd.lib(json_writer.obj) : warning LNK4006: "public: static int const std::numeric_limits<float>::digits10" (?digits10@?$numeric_limits@M@std@@2HB) 已在 json_vc71_libmtd.lib(json_value.obj) 中定义；已忽略第二个定义
     1>json_vc71_libmtd.lib(json_writer.obj) : warning LNK4006: "public: static int const std::numeric_limits<float>::max_digits10" (?max_digits10@?$numeric_limits@M@std@@2HB) 已在 json_vc71_libmtd.lib(json_value.obj) 中定义；已忽略第二个定义
     1>json_vc71_libmtd.lib(json_writer.obj) : warning LNK4006: "public: static int const std::numeric_limits<float>::max_exponent" (?max_exponent@?$numeric_limits@M@std@@2HB) 已在 json_vc71_libmtd.lib(json_value.obj) 中定义；已忽略第二个定义
     1>json_vc71_libmtd.lib(json_writer.obj) : warning LNK4006: "public: static int const std::numeric_limits<float>::max_exponent10" (?max_exponent10@?$numeric_limits@M@std@@2HB) 已在 json_vc71_libmtd.lib(json_value.obj) 中定义；已忽略第二个定义
     1>json_vc71_libmtd.lib(json_writer.obj) : warning LNK4006: "public: static int const std::numeric_limits<float>::min_exponent" (?min_exponent@?$numeric_limits@M@std@@2HB) 已在 json_vc71_libmtd.lib(json_value.obj) 中定义；已忽略第二个定义
     1>json_vc71_libmtd.lib(json_writer.obj) : warning LNK4006: "public: static int const std::numeric_limits<float>::min_exponent10" (?min_exponent10@?$numeric_limits@M@std@@2HB) 已在 json_vc71_libmtd.lib(json_value.obj) 中定义；已忽略第二个定义
     1>json_vc71_libmtd.lib(json_writer.obj) : warning LNK4006: "public: static bool const std::_Num_int_base::is_bounded" (?is_bounded@_Num_int_base@std@@2_NB) 已在 json_vc71_libmtd.lib(json_value.obj) 中定义；已忽略第二个定义
     1>json_vc71_libmtd.lib(json_writer.obj) : warning LNK4006: "public: static bool const std::_Num_int_base::is_exact" (?is_exact@_Num_int_base@std@@2_NB) 已在 json_vc71_libmtd.lib(json_value.obj) 中定义；已忽略第二个定义
     1>json_vc71_libmtd.lib(json_writer.obj) : warning LNK4006: "public: static bool const std::_Num_int_base::is_integer" (?is_integer@_Num_int_base@std@@2_NB) 已在 json_vc71_libmtd.lib(json_value.obj) 中定义；已忽略第二个定义
     1>json_vc71_libmtd.lib(json_writer.obj) : warning LNK4006: "public: static bool const std::_Num_int_base::is_modulo" (?is_modulo@_Num_int_base@std@@2_NB) 已在 json_vc71_libmtd.lib(json_value.obj) 中定义；已忽略第二个定义
     1>json_vc71_libmtd.lib(json_writer.obj) : warning LNK4006: "public: static bool const std::_Num_int_base::is_specialized" (?is_specialized@_Num_int_base@std@@2_NB) 已在 json_vc71_libmtd.lib(json_value.obj) 中定义；已忽略第二个定义
     1>json_vc71_libmtd.lib(json_writer.obj) : warning LNK4006: "public: static int const std::_Num_int_base::radix" (?radix@_Num_int_base@std@@2HB) 已在 json_vc71_libmtd.lib(json_value.obj) 中定义；已忽略第二个定义
     1>json_vc71_libmtd.lib(json_writer.obj) : warning LNK4006: "public: static enum std::float_denorm_style const std::_Num_float_base::has_denorm" (?has_denorm@_Num_float_base@std@@2W4float_denorm_style@2@B) 已在 json_vc71_libmtd.lib(json_value.obj) 中定义；已忽略第二个定义
     1>json_vc71_libmtd.lib(json_writer.obj) : warning LNK4006: "public: static bool const std::_Num_float_base::has_denorm_loss" (?has_denorm_loss@_Num_float_base@std@@2_NB) 已在 json_vc71_libmtd.lib(json_value.obj) 中定义；已忽略第二个定义
     1>json_vc71_libmtd.lib(json_writer.obj) : warning LNK4006: "public: static bool const std::_Num_float_base::has_infinity" (?has_infinity@_Num_float_base@std@@2_NB) 已在 json_vc71_libmtd.lib(json_value.obj) 中定义；已忽略第二个定义
     1>json_vc71_libmtd.lib(json_writer.obj) : warning LNK4006: "public: static bool const std::_Num_float_base::has_quiet_NaN" (?has_quiet_NaN@_Num_float_base@std@@2_NB) 已在 json_vc71_libmtd.lib(json_value.obj) 中定义；已忽略第二个定义
     1>json_vc71_libmtd.lib(json_writer.obj) : warning LNK4006: "public: static bool const std::_Num_float_base::has_signaling_NaN" (?has_signaling_NaN@_Num_float_base@std@@2_NB) 已在 json_vc71_libmtd.lib(json_value.obj) 中定义；已忽略第二个定义
     1>json_vc71_libmtd.lib(json_writer.obj) : warning LNK4006: "public: static bool const std::_Num_float_base::is_bounded" (?is_bounded@_Num_float_base@std@@2_NB) 已在 json_vc71_libmtd.lib(json_value.obj) 中定义；已忽略第二个定义
     1>json_vc71_libmtd.lib(json_writer.obj) : warning LNK4006: "public: static bool const std::_Num_float_base::is_exact" (?is_exact@_Num_float_base@std@@2_NB) 已在 json_vc71_libmtd.lib(json_value.obj) 中定义；已忽略第二个定义
     1>json_vc71_libmtd.lib(json_writer.obj) : warning LNK4006: "public: static int const std::numeric_limits<double>::digits" (?digits@?$numeric_limits@N@std@@2HB) 已在 json_vc71_libmtd.lib(json_value.obj) 中定义；已忽略第二个定义
     1>json_vc71_libmtd.lib(json_writer.obj) : warning LNK4006: "public: static int const std::numeric_limits<double>::digits10" (?digits10@?$numeric_limits@N@std@@2HB) 已在 json_vc71_libmtd.lib(json_value.obj) 中定义；已忽略第二个定义
     1>json_vc71_libmtd.lib(json_writer.obj) : warning LNK4006: "public: static bool const std::_Num_float_base::is_iec559" (?is_iec559@_Num_float_base@std@@2_NB) 已在 json_vc71_libmtd.lib(json_value.obj) 中定义；已忽略第二个定义
     1>json_vc71_libmtd.lib(json_writer.obj) : warning LNK4006: "public: static bool const std::_Num_float_base::is_integer" (?is_integer@_Num_float_base@std@@2_NB) 已在 json_vc71_libmtd.lib(json_value.obj) 中定义；已忽略第二个定义
     1>json_vc71_libmtd.lib(json_writer.obj) : warning LNK4006: "public: static int const std::numeric_limits<double>::max_digits10" (?max_digits10@?$numeric_limits@N@std@@2HB) 已在 json_vc71_libmtd.lib(json_value.obj) 中定义；已忽略第二个定义
     1>json_vc71_libmtd.lib(json_writer.obj) : warning LNK4006: "public: static bool const std::_Num_float_base::is_modulo" (?is_modulo@_Num_float_base@std@@2_NB) 已在 json_vc71_libmtd.lib(json_value.obj) 中定义；已忽略第二个定义
     1>json_vc71_libmtd.lib(json_writer.obj) : warning LNK4006: "public: static int const std::numeric_limits<double>::max_exponent" (?max_exponent@?$numeric_limits@N@std@@2HB) 已在 json_vc71_libmtd.lib(json_value.obj) 中定义；已忽略第二个定义
     1>json_vc71_libmtd.lib(json_writer.obj) : warning LNK4006: "public: static bool const std::_Num_float_base::is_signed" (?is_signed@_Num_float_base@std@@2_NB) 已在 json_vc71_libmtd.lib(json_value.obj) 中定义；已忽略第二个定义
     1>json_vc71_libmtd.lib(json_writer.obj) : warning LNK4006: "public: static int const std::numeric_limits<double>::max_exponent10" (?max_exponent10@?$numeric_limits@N@std@@2HB) 已在 json_vc71_libmtd.lib(json_value.obj) 中定义；已忽略第二个定义
     1>json_vc71_libmtd.lib(json_writer.obj) : warning LNK4006: "public: static bool const std::_Num_float_base::is_specialized" (?is_specialized@_Num_float_base@std@@2_NB) 已在 json_vc71_libmtd.lib(json_value.obj) 中定义；已忽略第二个定义
     1>json_vc71_libmtd.lib(json_writer.obj) : warning LNK4006: "public: static int const std::numeric_limits<double>::min_exponent" (?min_exponent@?$numeric_limits@N@std@@2HB) 已在 json_vc71_libmtd.lib(json_value.obj) 中定义；已忽略第二个定义
     1>json_vc71_libmtd.lib(json_writer.obj) : warning LNK4006: "public: static bool const std::_Num_float_base::tinyness_before" (?tinyness_before@_Num_float_base@std@@2_NB) 已在 json_vc71_libmtd.lib(json_value.obj) 中定义；已忽略第二个定义
     1>json_vc71_libmtd.lib(json_writer.obj) : warning LNK4006: "public: static bool const std::_Num_float_base::traps" (?traps@_Num_float_base@std@@2_NB) 已在 json_vc71_libmtd.lib(json_value.obj) 中定义；已忽略第二个定义
     1>json_vc71_libmtd.lib(json_writer.obj) : warning LNK4006: "public: static int const std::numeric_limits<double>::min_exponent10" (?min_exponent10@?$numeric_limits@N@std@@2HB) 已在 json_vc71_libmtd.lib(json_value.obj) 中定义；已忽略第二个定义
     1>json_vc71_libmtd.lib(json_writer.obj) : warning LNK4006: "public: static enum std::float_round_style const std::_Num_float_base::round_style" (?round_style@_Num_float_base@std@@2W4float_round_style@2@B) 已在 json_vc71_libmtd.lib(json_value.obj) 中定义；已忽略第二个定义
     1>json_vc71_libmtd.lib(json_writer.obj) : warning LNK4006: "public: static int const std::_Num_float_base::radix" (?radix@_Num_float_base@std@@2HB) 已在 json_vc71_libmtd.lib(json_value.obj) 中定义；已忽略第二个定义
     1>json_vc71_libmtd.lib(json_writer.obj) : warning LNK4006: "public: static bool const std::numeric_limits<char>::is_signed" (?is_signed@?$numeric_limits@D@std@@2_NB) 已在 json_vc71_libmtd.lib(json_value.obj) 中定义；已忽略第二个定义
     1>json_vc71_libmtd.lib(json_writer.obj) : warning LNK4006: "public: static int const std::numeric_limits<char>::digits" (?digits@?$numeric_limits@D@std@@2HB) 已在 json_vc71_libmtd.lib(json_value.obj) 中定义；已忽略第二个定义
     1>json_vc71_libmtd.lib(json_writer.obj) : warning LNK4006: "public: static int const std::numeric_limits<char>::digits10" (?digits10@?$numeric_limits@D@std@@2HB) 已在 json_vc71_libmtd.lib(json_value.obj) 中定义；已忽略第二个定义
     1>json_vc71_libmtd.lib(json_writer.obj) : warning LNK4006: "public: static int const std::numeric_limits<long double>::digits" (?digits@?$numeric_limits@O@std@@2HB) 已在 json_vc71_libmtd.lib(json_value.obj) 中定义；已忽略第二个定义
     1>json_vc71_libmtd.lib(json_writer.obj) : warning LNK4006: "public: static int const std::numeric_limits<long double>::digits10" (?digits10@?$numeric_limits@O@std@@2HB) 已在 json_vc71_libmtd.lib(json_value.obj) 中定义；已忽略第二个定义
     1>json_vc71_libmtd.lib(json_writer.obj) : warning LNK4006: "public: static int const std::numeric_limits<long double>::max_digits10" (?max_digits10@?$numeric_limits@O@std@@2HB) 已在 json_vc71_libmtd.lib(json_value.obj) 中定义；已忽略第二个定义
     1>json_vc71_libmtd.lib(json_writer.obj) : warning LNK4006: "public: static int const std::numeric_limits<long double>::max_exponent" (?max_exponent@?$numeric_limits@O@std@@2HB) 已在 json_vc71_libmtd.lib(json_value.obj) 中定义；已忽略第二个定义
     1>json_vc71_libmtd.lib(json_writer.obj) : warning LNK4006: "public: static int const std::numeric_limits<long double>::max_exponent10" (?max_exponent10@?$numeric_limits@O@std@@2HB) 已在 json_vc71_libmtd.lib(json_value.obj) 中定义；已忽略第二个定义
     1>json_vc71_libmtd.lib(json_writer.obj) : warning LNK4006: "public: static int const std::numeric_limits<long double>::min_exponent" (?min_exponent@?$numeric_limits@O@std@@2HB) 已在 json_vc71_libmtd.lib(json_value.obj) 中定义；已忽略第二个定义
     1>json_vc71_libmtd.lib(json_writer.obj) : warning LNK4006: "public: static int const std::numeric_limits<long double>::min_exponent10" (?min_exponent10@?$numeric_limits@O@std@@2HB) 已在 json_vc71_libmtd.lib(json_value.obj) 中定义；已忽略第二个定义
     1>json_vc71_libmtd.lib(json_writer.obj) : warning LNK4006: "public: static bool const std::numeric_limits<wchar_t>::is_signed" (?is_signed@?$numeric_limits@_W@std@@2_NB) 已在 json_vc71_libmtd.lib(json_value.obj) 中定义；已忽略第二个定义
     1>json_vc71_libmtd.lib(json_writer.obj) : warning LNK4006: "public: static int const std::numeric_limits<wchar_t>::digits" (?digits@?$numeric_limits@_W@std@@2HB) 已在 json_vc71_libmtd.lib(json_value.obj) 中定义；已忽略第二个定义
     1>json_vc71_libmtd.lib(json_writer.obj) : warning LNK4006: "public: static int const std::numeric_limits<wchar_t>::digits10" (?digits10@?$numeric_limits@_W@std@@2HB) 已在 json_vc71_libmtd.lib(json_value.obj) 中定义；已忽略第二个定义
     1>json_vc71_libmtd.lib(json_writer.obj) : warning LNK4006: "public: static bool const std::numeric_limits<bool>::is_modulo" (?is_modulo@?$numeric_limits@_N@std@@2_NB) 已在 json_vc71_libmtd.lib(json_value.obj) 中定义；已忽略第二个定义
     1>json_vc71_libmtd.lib(json_writer.obj) : warning LNK4006: "public: static bool const std::numeric_limits<bool>::is_signed" (?is_signed@?$numeric_limits@_N@std@@2_NB) 已在 json_vc71_libmtd.lib(json_value.obj) 中定义；已忽略第二个定义
     1>json_vc71_libmtd.lib(json_writer.obj) : warning LNK4006: "public: static int const std::numeric_limits<bool>::digits" (?digits@?$numeric_limits@_N@std@@2HB) 已在 json_vc71_libmtd.lib(json_value.obj) 中定义；已忽略第二个定义
     1>json_vc71_libmtd.lib(json_writer.obj) : warning LNK4006: "public: static int const std::numeric_limits<bool>::digits10" (?digits10@?$numeric_limits@_N@std@@2HB) 已在 json_vc71_libmtd.lib(json_value.obj) 中定义；已忽略第二个定义
     1>json_vc71_libmtd.lib(json_writer.obj) : warning LNK4006: "public: static bool const std::numeric_limits<signed char>::is_signed" (?is_signed@?$numeric_limits@C@std@@2_NB) 已在 json_vc71_libmtd.lib(json_value.obj) 中定义；已忽略第二个定义
     1>json_vc71_libmtd.lib(json_writer.obj) : warning LNK4006: "public: static int const std::numeric_limits<signed char>::digits" (?digits@?$numeric_limits@C@std@@2HB) 已在 json_vc71_libmtd.lib(json_value.obj) 中定义；已忽略第二个定义
     1>json_vc71_libmtd.lib(json_writer.obj) : warning LNK4006: "public: static int const std::numeric_limits<signed char>::digits10" (?digits10@?$numeric_limits@C@std@@2HB) 已在 json_vc71_libmtd.lib(json_value.obj) 中定义；已忽略第二个定义
     1>json_vc71_libmtd.lib(json_writer.obj) : warning LNK4006: "public: static bool const std::numeric_limits<unsigned char>::is_signed" (?is_signed@?$numeric_limits@E@std@@2_NB) 已在 json_vc71_libmtd.lib(json_value.obj) 中定义；已忽略第二个定义
     1>json_vc71_libmtd.lib(json_writer.obj) : warning LNK4006: "public: static int const std::numeric_limits<unsigned char>::digits" (?digits@?$numeric_limits@E@std@@2HB) 已在 json_vc71_libmtd.lib(json_value.obj) 中定义；已忽略第二个定义
     1>json_vc71_libmtd.lib(json_writer.obj) : warning LNK4006: "public: static int const std::numeric_limits<unsigned char>::digits10" (?digits10@?$numeric_limits@E@std@@2HB) 已在 json_vc71_libmtd.lib(json_value.obj) 中定义；已忽略第二个定义
     1>C:\Users\saber\documents\visual studio 2015\Projects\Bumenpipei\Debug\text.exe : warning LNK4088: 因 /FORCE 选项生成了映像；映像可能不能运行
         Bumenpipei.vcxproj -> C:\Users\saber\documents\visual studio 2015\Projects\Bumenpipei\Debug\text.exe
     1>已完成生成项目“C:\Users\saber\documents\visual studio 2015\Projects\Bumenpipei\Bumenpipei\Bumenpipei.vcxproj”(Rebuild 个目标)的操作。

已成功生成。

已用时间 00:00:05.89
